# JRE version: Java(TM) SE Runtime Environment (8.0_74-b02) (build 1.8.0_74-b02)
# Java VM: Java HotSpot(TM) 64-Bit Server VM (25.74-b02 mixed mode windows-amd64 compressed oops)
Heap:
 PSYoungGen      total 530944K, used 363520K [0x000000076ab00000, 0x0000000796680000, 0x00000007c0000000)
  eden space 363520K, 100% used [0x000000076ab00000,0x0000000780e00000,0x0000000780e00000)
  from space 167424K, 0% used [0x000000078c300000,0x000000078c300000,0x0000000796680000)
  to   space 160256K, 0% used [0x0000000780e00000,0x0000000780e00000,0x000000078aa80000)
 ParOldGen       total 742400K, used 728688K [0x00000006c0000000, 0x00000006ed500000, 0x000000076ab00000)
  object space 742400K, 98% used [0x00000006c0000000,0x00000006ec79c318,0x00000006ed500000)
 Metaspace       used 6762K, capacity 7384K, committed 7680K, reserved 1056768K
  class space    used 632K, capacity 656K, committed 768K, reserved 1048576K
GC Heap History (10 events):
Event: 179.395 GC heap before
{Heap before GC invocations=30 (full 6):
 PSYoungGen      total 523776K, used 470339K [0x000000076ab00000, 0x0000000796680000, 0x00000007c0000000)
  eden space 363520K, 100% used [0x000000076ab00000,0x0000000780e00000,0x0000000780e00000)
  from space 160256K, 66% used [0x0000000780e00000,0x0000000787650cc8,0x000000078aa80000)
  to   space 167424K, 0% used [0x000000078c300000,0x000000078c300000,0x0000000796680000)
 ParOldGen       total 735744K, used 521717K [0x00000006c0000000, 0x00000006ece80000, 0x000000076ab00000)
  object space 735744K, 70% used [0x00000006c0000000,0x00000006dfd7d458,0x00000006ece80000)
 Metaspace       used 6683K, capacity 7320K, committed 7680K, reserved 1056768K
  class space    used 629K, capacity 656K, committed 768K, reserved 1048576K
Event: 179.671 GC heap after
Heap after GC invocations=30 (full 6):
 PSYoungGen      total 530944K, used 167400K [0x000000076ab00000, 0x0000000796680000, 0x00000007c0000000)
  eden space 363520K, 0% used [0x000000076ab00000,0x000000076ab00000,0x0000000780e00000)
  from space 167424K, 99% used [0x000000078c300000,0x000000079667a3f8,0x0000000796680000)
  to   space 160256K, 0% used [0x0000000780e00000,0x0000000780e00000,0x000000078aa80000)
 ParOldGen       total 735744K, used 628063K [0x00000006c0000000, 0x00000006ece80000, 0x000000076ab00000)
  object space 735744K, 85% used [0x00000006c0000000,0x00000006e6557f40,0x00000006ece80000)
 Metaspace       used 6683K, capacity 7320K, committed 7680K, reserved 1056768K
  class space    used 629K, capacity 656K, committed 768K, reserved 1048576K
}
Event: 180.685 GC heap before
{Heap before GC invocations=31 (full 6):
 PSYoungGen      total 530944K, used 530920K [0x000000076ab00000, 0x0000000796680000, 0x00000007c0000000)
  eden space 363520K, 100% used [0x000000076ab00000,0x0000000780e00000,0x0000000780e00000)
  from space 167424K, 99% used [0x000000078c300000,0x000000079667a3f8,0x0000000796680000)
  to   space 160256K, 0% used [0x0000000780e00000,0x0000000780e00000,0x000000078aa80000)
 ParOldGen       total 735744K, used 628063K [0x00000006c0000000, 0x00000006ece80000, 0x000000076ab00000)
  object space 735744K, 85% used [0x00000006c0000000,0x00000006e6557f40,0x00000006ece80000)
 Metaspace       used 6683K, capacity 7320K, committed 7680K, reserved 1056768K
  class space    used 629K, capacity 656K, committed 768K, reserved 1048576K
Event: 181.720 GC heap after
Heap after GC invocations=31 (full 6):
 PSYoungGen      total 530944K, used 530920K [0x000000076ab00000, 0x0000000796680000, 0x00000007c0000000)
  eden space 363520K, 100% used [0x000000076ab00000,0x0000000780e00000,0x0000000780e00000)
  from space 167424K, 99% used [0x000000078c300000,0x000000079667a3f8,0x0000000796680000)
  to   space 160256K, 99% used [0x0000000780e00000,0x000000078aa7d728,0x000000078aa80000)
 ParOldGen       total 742400K, used 741941K [0x00000006c0000000, 0x00000006ed500000, 0x000000076ab00000)
  object space 742400K, 99% used [0x00000006c0000000,0x00000006ed48d528,0x00000006ed500000)
 Metaspace       used 6683K, capacity 7320K, committed 7680K, reserved 1056768K
  class space    used 629K, capacity 656K, committed 768K, reserved 1048576K
}
Event: 181.720 GC heap before
{Heap before GC invocations=32 (full 7):
 PSYoungGen      total 530944K, used 530920K [0x000000076ab00000, 0x0000000796680000, 0x00000007c0000000)
  eden space 363520K, 100% used [0x000000076ab00000,0x0000000780e00000,0x0000000780e00000)
  from space 167424K, 99% used [0x000000078c300000,0x000000079667a3f8,0x0000000796680000)
  to   space 160256K, 99% used [0x0000000780e00000,0x000000078aa7d728,0x000000078aa80000)
 ParOldGen       total 742400K, used 741941K [0x00000006c0000000, 0x00000006ed500000, 0x000000076ab00000)
  object space 742400K, 99% used [0x00000006c0000000,0x00000006ed48d528,0x00000006ed500000)
 Metaspace       used 6683K, capacity 7320K, committed 7680K, reserved 1056768K
  class space    used 629K, capacity 656K, committed 768K, reserved 1048576K
Event: 185.560 GC heap after
Heap after GC invocations=32 (full 7):
 PSYoungGen      total 530944K, used 0K [0x000000076ab00000, 0x0000000796680000, 0x00000007c0000000)
  eden space 363520K, 0% used [0x000000076ab00000,0x000000076ab00000,0x0000000780e00000)
  from space 167424K, 0% used [0x000000078c300000,0x000000078c300000,0x0000000796680000)
  to   space 160256K, 15% used [0x0000000780e00000,0x0000000782693b88,0x000000078aa80000)
 ParOldGen       total 742400K, used 741969K [0x00000006c0000000, 0x00000006ed500000, 0x000000076ab00000)
  object space 742400K, 99% used [0x00000006c0000000,0x00000006ed4947a0,0x00000006ed500000)
 Metaspace       used 6683K, capacity 7320K, committed 7680K, reserved 1056768K
  class space    used 629K, capacity 656K, committed 768K, reserved 1048576K
}
Event: 186.215 GC heap before
{Heap before GC invocations=33 (full 8):
 PSYoungGen      total 530944K, used 363520K [0x000000076ab00000, 0x0000000796680000, 0x00000007c0000000)
  eden space 363520K, 100% used [0x000000076ab00000,0x0000000780e00000,0x0000000780e00000)
  from space 167424K, 0% used [0x000000078c300000,0x000000078c300000,0x0000000796680000)
  to   space 160256K, 15% used [0x0000000780e00000,0x0000000782693b88,0x000000078aa80000)
 ParOldGen       total 742400K, used 741969K [0x00000006c0000000, 0x00000006ed500000, 0x000000076ab00000)
  object space 742400K, 99% used [0x00000006c0000000,0x00000006ed4947a0,0x00000006ed500000)
 Metaspace       used 6683K, capacity 7320K, committed 7680K, reserved 1056768K
  class space    used 629K, capacity 656K, committed 768K, reserved 1048576K
Event: 189.488 GC heap after
Heap after GC invocations=33 (full 8):
 PSYoungGen      total 530944K, used 24336K [0x000000076ab00000, 0x0000000796680000, 0x00000007c0000000)
  eden space 363520K, 6% used [0x000000076ab00000,0x000000076c2c4018,0x0000000780e00000)
  from space 167424K, 0% used [0x000000078c300000,0x000000078c300000,0x0000000796680000)
  to   space 160256K, 0% used [0x0000000780e00000,0x0000000780e00000,0x000000078aa80000)
 ParOldGen       total 742400K, used 742072K [0x00000006c0000000, 0x00000006ed500000, 0x000000076ab00000)
  object space 742400K, 99% used [0x00000006c0000000,0x00000006ed4ae3d8,0x00000006ed500000)
 Metaspace       used 6683K, capacity 7320K, committed 7680K, reserved 1056768K
  class space    used 629K, capacity 656K, committed 768K, reserved 1048576K
}
Event: 195.448 GC heap before
{Heap before GC invocations=34 (full 9):
 PSYoungGen      total 530944K, used 363520K [0x000000076ab00000, 0x0000000796680000, 0x00000007c0000000)
  eden space 363520K, 100% used [0x000000076ab00000,0x0000000780e00000,0x0000000780e00000)
  from space 167424K, 0% used [0x000000078c300000,0x000000078c300000,0x0000000796680000)
  to   space 160256K, 0% used [0x0000000780e00000,0x0000000780e00000,0x000000078aa80000)
 ParOldGen       total 742400K, used 742072K [0x00000006c0000000, 0x00000006ed500000, 0x000000076ab00000)
  object space 742400K, 99% used [0x00000006c0000000,0x00000006ed4ae3d8,0x00000006ed500000)
 Metaspace       used 6684K, capacity 7320K, committed 7680K, reserved 1056768K
  class space    used 629K, capacity 656K, committed 768K, reserved 1048576K
Event: 197.231 GC heap after
Heap after GC invocations=34 (full 9):
 PSYoungGen      total 530944K, used 0K [0x000000076ab00000, 0x0000000796680000, 0x00000007c0000000)
  eden space 363520K, 0% used [0x000000076ab00000,0x000000076ab00000,0x0000000780e00000)
  from space 167424K, 0% used [0x000000078c300000,0x000000078c300000,0x0000000796680000)
  to   space 160256K, 0% used [0x0000000780e00000,0x0000000780e00000,0x000000078aa80000)
 ParOldGen       total 742400K, used 728688K [0x00000006c0000000, 0x00000006ed500000, 0x000000076ab00000)
  object space 742400K, 98% used [0x00000006c0000000,0x00000006ec79c318,0x00000006ed500000)
 Metaspace       used 6684K, capacity 7320K, committed 7680K, reserved 1056768K
  class space    used 629K, capacity 656K, committed 768K, reserved 1048576K
}

