# JRE version: Java(TM) SE Runtime Environment (8.0_74-b02) (build 1.8.0_74-b02)
# Java VM: Java HotSpot(TM) 64-Bit Server VM (25.74-b02 mixed mode windows-amd64 compressed oops)
Heap:
 PSYoungGen      total 637952K, used 426919K [0x000000076ab00000, 0x00000007a5600000, 0x00000007c0000000)
  eden space 365056K, 42% used [0x000000076ab00000,0x000000077416e650,0x0000000780f80000)
  from space 272896K, 99% used [0x0000000792b80000,0x00000007a35fb7e8,0x00000007a3600000)
  to   space 290816K, 0% used [0x0000000780f80000,0x0000000780f80000,0x0000000792b80000)
 ParOldGen       total 735232K, used 563022K [0x00000006c0000000, 0x00000006ece00000, 0x000000076ab00000)
  object space 735232K, 76% used [0x00000006c0000000,0x00000006e25d39f8,0x00000006ece00000)
 Metaspace       used 7466K, capacity 7896K, committed 8192K, reserved 1056768K
  class space    used 680K, capacity 720K, committed 768K, reserved 1048576K
GC Heap History (10 events):
Event: 177.859 GC heap before
{Heap before GC invocations=34 (full 6):
 PSYoungGen      total 590336K, used 549615K [0x000000076ab00000, 0x00000007a3600000, 0x00000007c0000000)
  eden space 343040K, 100% used [0x000000076ab00000,0x000000077fa00000,0x000000077fa00000)
  from space 247296K, 83% used [0x000000077fa00000,0x000000078c3bbc18,0x000000078eb80000)
  to   space 272896K, 0% used [0x0000000792b80000,0x0000000792b80000,0x00000007a3600000)
 ParOldGen       total 735232K, used 524575K [0x00000006c0000000, 0x00000006ece00000, 0x000000076ab00000)
  object space 735232K, 71% used [0x00000006c0000000,0x00000006e0047f28,0x00000006ece00000)
 Metaspace       used 6666K, capacity 7320K, committed 7680K, reserved 1056768K
  class space    used 628K, capacity 656K, committed 768K, reserved 1048576K
Event: 178.124 GC heap after
Heap after GC invocations=34 (full 6):
 PSYoungGen      total 637952K, used 200591K [0x000000076ab00000, 0x00000007a5600000, 0x00000007c0000000)
  eden space 365056K, 0% used [0x000000076ab00000,0x000000076ab00000,0x0000000780f80000)
  from space 272896K, 73% used [0x0000000792b80000,0x000000079ef63c78,0x00000007a3600000)
  to   space 290816K, 0% used [0x0000000780f80000,0x0000000780f80000,0x0000000792b80000)
 ParOldGen       total 735232K, used 524575K [0x00000006c0000000, 0x00000006ece00000, 0x000000076ab00000)
  object space 735232K, 71% used [0x00000006c0000000,0x00000006e0047f28,0x00000006ece00000)
 Metaspace       used 6666K, capacity 7320K, committed 7680K, reserved 1056768K
  class space    used 628K, capacity 656K, committed 768K, reserved 1048576K
}
Event: 231.580 GC heap before
{Heap before GC invocations=35 (full 6):
 PSYoungGen      total 637952K, used 565647K [0x000000076ab00000, 0x00000007a5600000, 0x00000007c0000000)
  eden space 365056K, 100% used [0x000000076ab00000,0x0000000780f80000,0x0000000780f80000)
  from space 272896K, 73% used [0x0000000792b80000,0x000000079ef63c78,0x00000007a3600000)
  to   space 290816K, 0% used [0x0000000780f80000,0x0000000780f80000,0x0000000792b80000)
 ParOldGen       total 735232K, used 524575K [0x00000006c0000000, 0x00000006ece00000, 0x000000076ab00000)
  object space 735232K, 71% used [0x00000006c0000000,0x00000006e0047f28,0x00000006ece00000)
 Metaspace       used 6773K, capacity 7384K, committed 7680K, reserved 1056768K
  class space    used 634K, capacity 656K, committed 768K, reserved 1048576K
Event: 231.888 GC heap after
Heap after GC invocations=35 (full 6):
 PSYoungGen      total 655872K, used 256232K [0x000000076ab00000, 0x00000007a5600000, 0x00000007c0000000)
  eden space 365056K, 0% used [0x000000076ab00000,0x000000076ab00000,0x0000000780f80000)
  from space 290816K, 88% used [0x0000000780f80000,0x00000007909ba3c0,0x0000000792b80000)
  to   space 272896K, 0% used [0x0000000792b80000,0x0000000792b80000,0x00000007a3600000)
 ParOldGen       total 735232K, used 524583K [0x00000006c0000000, 0x00000006ece00000, 0x000000076ab00000)
  object space 735232K, 71% used [0x00000006c0000000,0x00000006e0049f28,0x00000006ece00000)
 Metaspace       used 6773K, capacity 7384K, committed 7680K, reserved 1056768K
  class space    used 634K, capacity 656K, committed 768K, reserved 1048576K
}
Event: 237.770 GC heap before
{Heap before GC invocations=36 (full 6):
 PSYoungGen      total 655872K, used 621288K [0x000000076ab00000, 0x00000007a5600000, 0x00000007c0000000)
  eden space 365056K, 100% used [0x000000076ab00000,0x0000000780f80000,0x0000000780f80000)
  from space 290816K, 88% used [0x0000000780f80000,0x00000007909ba3c0,0x0000000792b80000)
  to   space 272896K, 0% used [0x0000000792b80000,0x0000000792b80000,0x00000007a3600000)
 ParOldGen       total 735232K, used 524583K [0x00000006c0000000, 0x00000006ece00000, 0x000000076ab00000)
  object space 735232K, 71% used [0x00000006c0000000,0x00000006e0049f28,0x00000006ece00000)
 Metaspace       used 7231K, capacity 7864K, committed 8192K, reserved 1056768K
  class space    used 651K, capacity 688K, committed 768K, reserved 1048576K
Event: 238.023 GC heap after
Heap after GC invocations=36 (full 6):
 PSYoungGen      total 637952K, used 201365K [0x000000076ab00000, 0x00000007a5600000, 0x00000007c0000000)
  eden space 365056K, 0% used [0x000000076ab00000,0x000000076ab00000,0x0000000780f80000)
  from space 272896K, 73% used [0x0000000792b80000,0x000000079f025710,0x00000007a3600000)
  to   space 290816K, 0% used [0x0000000780f80000,0x0000000780f80000,0x0000000792b80000)
 ParOldGen       total 735232K, used 524583K [0x00000006c0000000, 0x00000006ece00000, 0x000000076ab00000)
  object space 735232K, 71% used [0x00000006c0000000,0x00000006e0049f28,0x00000006ece00000)
 Metaspace       used 7231K, capacity 7864K, committed 8192K, reserved 1056768K
  class space    used 651K, capacity 688K, committed 768K, reserved 1048576K
}
Event: 254.781 GC heap before
{Heap before GC invocations=37 (full 6):
 PSYoungGen      total 637952K, used 566421K [0x000000076ab00000, 0x00000007a5600000, 0x00000007c0000000)
  eden space 365056K, 100% used [0x000000076ab00000,0x0000000780f80000,0x0000000780f80000)
  from space 272896K, 73% used [0x0000000792b80000,0x000000079f025710,0x00000007a3600000)
  to   space 290816K, 0% used [0x0000000780f80000,0x0000000780f80000,0x0000000792b80000)
 ParOldGen       total 735232K, used 524583K [0x00000006c0000000, 0x00000006ece00000, 0x000000076ab00000)
  object space 735232K, 71% used [0x00000006c0000000,0x00000006e0049f28,0x00000006ece00000)
 Metaspace       used 7465K, capacity 7896K, committed 8192K, reserved 1056768K
  class space    used 680K, capacity 720K, committed 768K, reserved 1048576K
Event: 255.069 GC heap after
Heap after GC invocations=37 (full 6):
 PSYoungGen      total 655872K, used 253549K [0x000000076ab00000, 0x00000007a5600000, 0x00000007c0000000)
  eden space 365056K, 0% used [0x000000076ab00000,0x000000076ab00000,0x0000000780f80000)
  from space 290816K, 87% used [0x0000000780f80000,0x000000079071b4a0,0x0000000792b80000)
  to   space 272896K, 0% used [0x0000000792b80000,0x0000000792b80000,0x00000007a3600000)
 ParOldGen       total 735232K, used 524583K [0x00000006c0000000, 0x00000006ece00000, 0x000000076ab00000)
  object space 735232K, 71% used [0x00000006c0000000,0x00000006e0049f28,0x00000006ece00000)
 Metaspace       used 7465K, capacity 7896K, committed 8192K, reserved 1056768K
  class space    used 680K, capacity 720K, committed 768K, reserved 1048576K
}
Event: 274.946 GC heap before
{Heap before GC invocations=38 (full 6):
 PSYoungGen      total 655872K, used 618605K [0x000000076ab00000, 0x00000007a5600000, 0x00000007c0000000)
  eden space 365056K, 100% used [0x000000076ab00000,0x0000000780f80000,0x0000000780f80000)
  from space 290816K, 87% used [0x0000000780f80000,0x000000079071b4a0,0x0000000792b80000)
  to   space 272896K, 0% used [0x0000000792b80000,0x0000000792b80000,0x00000007a3600000)
 ParOldGen       total 735232K, used 524583K [0x00000006c0000000, 0x00000006ece00000, 0x000000076ab00000)
  object space 735232K, 71% used [0x00000006c0000000,0x00000006e0049f28,0x00000006ece00000)
 Metaspace       used 7465K, capacity 7896K, committed 8192K, reserved 1056768K
  class space    used 680K, capacity 720K, committed 768K, reserved 1048576K
Event: 275.386 GC heap after
Heap after GC invocations=38 (full 6):
 PSYoungGen      total 637952K, used 272877K [0x000000076ab00000, 0x00000007a5600000, 0x00000007c0000000)
  eden space 365056K, 0% used [0x000000076ab00000,0x000000076ab00000,0x0000000780f80000)
  from space 272896K, 99% used [0x0000000792b80000,0x00000007a35fb7e8,0x00000007a3600000)
  to   space 290816K, 0% used [0x0000000780f80000,0x0000000780f80000,0x0000000792b80000)
 ParOldGen       total 735232K, used 563022K [0x00000006c0000000, 0x00000006ece00000, 0x000000076ab00000)
  object space 735232K, 76% used [0x00000006c0000000,0x00000006e25d39f8,0x00000006ece00000)
 Metaspace       used 7465K, capacity 7896K, committed 8192K, reserved 1056768K
  class space    used 680K, capacity 720K, committed 768K, reserved 1048576K
}

