# JRE version: Java(TM) SE Runtime Environment (8.0_74-b02) (build 1.8.0_74-b02)
# Java VM: Java HotSpot(TM) 64-Bit Server VM (25.74-b02 mixed mode windows-amd64 compressed oops)
Heap:
 PSYoungGen      total 666112K, used 362955K [0x000000076ab00000, 0x00000007a3a00000, 0x00000007c0000000)
  eden space 456192K, 41% used [0x000000076ab00000,0x000000077654eca8,0x0000000786880000)
  from space 209920K, 82% used [0x0000000786880000,0x00000007910a4000,0x0000000793580000)
  to   space 229376K, 0% used [0x0000000795a00000,0x0000000795a00000,0x00000007a3a00000)
 ParOldGen       total 839168K, used 643709K [0x00000006c0000000, 0x00000006f3380000, 0x000000076ab00000)
  object space 839168K, 76% used [0x00000006c0000000,0x00000006e749f418,0x00000006f3380000)
 Metaspace       used 7271K, capacity 7864K, committed 8192K, reserved 1056768K
  class space    used 654K, capacity 688K, committed 768K, reserved 1048576K
GC Heap History (10 events):
Event: 188.153 GC heap before
{Heap before GC invocations=27 (full 6):
 PSYoungGen      total 560128K, used 147956K [0x000000076ab00000, 0x000000079c600000, 0x00000007c0000000)
  eden space 412160K, 0% used [0x000000076ab00000,0x000000076ab00000,0x0000000783d80000)
  from space 147968K, 99% used [0x0000000783d80000,0x000000078cdfd220,0x000000078ce00000)
  to   space 190976K, 0% used [0x0000000790b80000,0x0000000790b80000,0x000000079c600000)
 ParOldGen       total 601600K, used 523437K [0x00000006c0000000, 0x00000006e4b80000, 0x000000076ab00000)
  object space 601600K, 87% used [0x00000006c0000000,0x00000006dff2b7b0,0x00000006e4b80000)
 Metaspace       used 6672K, capacity 7320K, committed 7680K, reserved 1056768K
  class space    used 629K, capacity 656K, committed 768K, reserved 1048576K
Event: 191.877 GC heap after
Heap after GC invocations=27 (full 6):
 PSYoungGen      total 560128K, used 66883K [0x000000076ab00000, 0x000000079c600000, 0x00000007c0000000)
  eden space 412160K, 0% used [0x000000076ab00000,0x000000076ab00000,0x0000000783d80000)
  from space 147968K, 45% used [0x0000000783d80000,0x0000000787ed0c30,0x000000078ce00000)
  to   space 190976K, 0% used [0x0000000790b80000,0x0000000790b80000,0x000000079c600000)
 ParOldGen       total 839168K, used 601536K [0x00000006c0000000, 0x00000006f3380000, 0x000000076ab00000)
  object space 839168K, 71% used [0x00000006c0000000,0x00000006e4b701e8,0x00000006f3380000)
 Metaspace       used 6672K, capacity 7320K, committed 7680K, reserved 1056768K
  class space    used 629K, capacity 656K, committed 768K, reserved 1048576K
}
Event: 193.749 GC heap before
{Heap before GC invocations=28 (full 6):
 PSYoungGen      total 560128K, used 479043K [0x000000076ab00000, 0x000000079c600000, 0x00000007c0000000)
  eden space 412160K, 100% used [0x000000076ab00000,0x0000000783d80000,0x0000000783d80000)
  from space 147968K, 45% used [0x0000000783d80000,0x0000000787ed0c30,0x000000078ce00000)
  to   space 190976K, 0% used [0x0000000790b80000,0x0000000790b80000,0x000000079c600000)
 ParOldGen       total 839168K, used 601536K [0x00000006c0000000, 0x00000006f3380000, 0x000000076ab00000)
  object space 839168K, 71% used [0x00000006c0000000,0x00000006e4b701e8,0x00000006f3380000)
 Metaspace       used 6672K, capacity 7320K, committed 7680K, reserved 1056768K
  class space    used 629K, capacity 656K, committed 768K, reserved 1048576K
Event: 194.016 GC heap after
Heap after GC invocations=28 (full 6):
 PSYoungGen      total 622592K, used 106905K [0x000000076ab00000, 0x000000079ce80000, 0x00000007c0000000)
  eden space 431616K, 0% used [0x000000076ab00000,0x000000076ab00000,0x0000000785080000)
  from space 190976K, 55% used [0x0000000790b80000,0x00000007973e6538,0x000000079c600000)
  to   space 191488K, 0% used [0x0000000785080000,0x0000000785080000,0x0000000790b80000)
 ParOldGen       total 839168K, used 643709K [0x00000006c0000000, 0x00000006f3380000, 0x000000076ab00000)
  object space 839168K, 76% used [0x00000006c0000000,0x00000006e749f418,0x00000006f3380000)
 Metaspace       used 6672K, capacity 7320K, committed 7680K, reserved 1056768K
  class space    used 629K, capacity 656K, committed 768K, reserved 1048576K
}
Event: 195.864 GC heap before
{Heap before GC invocations=29 (full 6):
 PSYoungGen      total 622592K, used 538521K [0x000000076ab00000, 0x000000079ce80000, 0x00000007c0000000)
  eden space 431616K, 100% used [0x000000076ab00000,0x0000000785080000,0x0000000785080000)
  from space 190976K, 55% used [0x0000000790b80000,0x00000007973e6538,0x000000079c600000)
  to   space 191488K, 0% used [0x0000000785080000,0x0000000785080000,0x0000000790b80000)
 ParOldGen       total 839168K, used 643709K [0x00000006c0000000, 0x00000006f3380000, 0x000000076ab00000)
  object space 839168K, 76% used [0x00000006c0000000,0x00000006e749f418,0x00000006f3380000)
 Metaspace       used 6672K, capacity 7320K, committed 7680K, reserved 1056768K
  class space    used 629K, capacity 656K, committed 768K, reserved 1048576K
Event: 195.973 GC heap after
Heap after GC invocations=29 (full 6):
 PSYoungGen      total 623104K, used 131171K [0x000000076ab00000, 0x000000079f980000, 0x00000007c0000000)
  eden space 431616K, 0% used [0x000000076ab00000,0x000000076ab00000,0x0000000785080000)
  from space 191488K, 68% used [0x0000000785080000,0x000000078d098df0,0x0000000790b80000)
  to   space 200704K, 0% used [0x0000000793580000,0x0000000793580000,0x000000079f980000)
 ParOldGen       total 839168K, used 643709K [0x00000006c0000000, 0x00000006f3380000, 0x000000076ab00000)
  object space 839168K, 76% used [0x00000006c0000000,0x00000006e749f418,0x00000006f3380000)
 Metaspace       used 6672K, capacity 7320K, committed 7680K, reserved 1056768K
  class space    used 629K, capacity 656K, committed 768K, reserved 1048576K
}
Event: 217.976 GC heap before
{Heap before GC invocations=30 (full 6):
 PSYoungGen      total 623104K, used 562787K [0x000000076ab00000, 0x000000079f980000, 0x00000007c0000000)
  eden space 431616K, 100% used [0x000000076ab00000,0x0000000785080000,0x0000000785080000)
  from space 191488K, 68% used [0x0000000785080000,0x000000078d098df0,0x0000000790b80000)
  to   space 200704K, 0% used [0x0000000793580000,0x0000000793580000,0x000000079f980000)
 ParOldGen       total 839168K, used 643709K [0x00000006c0000000, 0x00000006f3380000, 0x000000076ab00000)
  object space 839168K, 76% used [0x00000006c0000000,0x00000006e749f418,0x00000006f3380000)
 Metaspace       used 6673K, capacity 7320K, committed 7680K, reserved 1056768K
  class space    used 629K, capacity 656K, committed 768K, reserved 1048576K
Event: 218.149 GC heap after
Heap after GC invocations=30 (full 6):
 PSYoungGen      total 656896K, used 138857K [0x000000076ab00000, 0x00000007a0600000, 0x00000007c0000000)
  eden space 456192K, 0% used [0x000000076ab00000,0x000000076ab00000,0x0000000786880000)
  from space 200704K, 69% used [0x0000000793580000,0x000000079bd1a770,0x000000079f980000)
  to   space 209920K, 0% used [0x0000000786880000,0x0000000786880000,0x0000000793580000)
 ParOldGen       total 839168K, used 643709K [0x00000006c0000000, 0x00000006f3380000, 0x000000076ab00000)
  object space 839168K, 76% used [0x00000006c0000000,0x00000006e749f418,0x00000006f3380000)
 Metaspace       used 6673K, capacity 7320K, committed 7680K, reserved 1056768K
  class space    used 629K, capacity 656K, committed 768K, reserved 1048576K
}
Event: 282.546 GC heap before
{Heap before GC invocations=31 (full 6):
 PSYoungGen      total 656896K, used 595049K [0x000000076ab00000, 0x00000007a0600000, 0x00000007c0000000)
  eden space 456192K, 100% used [0x000000076ab00000,0x0000000786880000,0x0000000786880000)
  from space 200704K, 69% used [0x0000000793580000,0x000000079bd1a770,0x000000079f980000)
  to   space 209920K, 0% used [0x0000000786880000,0x0000000786880000,0x0000000793580000)
 ParOldGen       total 839168K, used 643709K [0x00000006c0000000, 0x00000006f3380000, 0x000000076ab00000)
  object space 839168K, 76% used [0x00000006c0000000,0x00000006e749f418,0x00000006f3380000)
 Metaspace       used 7042K, capacity 7672K, committed 7936K, reserved 1056768K
  class space    used 648K, capacity 688K, committed 768K, reserved 1048576K
Event: 282.782 GC heap after
Heap after GC invocations=31 (full 6):
 PSYoungGen      total 666112K, used 172176K [0x000000076ab00000, 0x00000007a3a00000, 0x00000007c0000000)
  eden space 456192K, 0% used [0x000000076ab00000,0x000000076ab00000,0x0000000786880000)
  from space 209920K, 82% used [0x0000000786880000,0x00000007910a4000,0x0000000793580000)
  to   space 229376K, 0% used [0x0000000795a00000,0x0000000795a00000,0x00000007a3a00000)
 ParOldGen       total 839168K, used 643709K [0x00000006c0000000, 0x00000006f3380000, 0x000000076ab00000)
  object space 839168K, 76% used [0x00000006c0000000,0x00000006e749f418,0x00000006f3380000)
 Metaspace       used 7042K, capacity 7672K, committed 7936K, reserved 1056768K
  class space    used 648K, capacity 688K, committed 768K, reserved 1048576K
}

